1512467654794	geckodriver	INFO	geckodriver 0.19.0
1512467654813	geckodriver	INFO	Listening on 127.0.0.1:55872
1512467656858	mozrunner::runner	INFO	Running command: "C:\\Program Files (x86)\\Mozilla Firefox\\firefox.exe" "-marionette" "-profile" "C:\\Users\\my\\AppData\\Local\\Temp\\rust_mozprofile.MqteLtm5L1fq"
1512467657781	Marionette	INFO	Enabled via --marionette
Unable to read VR Path Registry from C:\Users\my\AppData\Local\openvr\openvrpaths.vrpath
[Parent 10108, Gecko_IOThread] WARNING: pipe error: 109: file z:/build/build/src/ipc/chromium/src/chrome/common/ipc_channel_win.cc, line 346
Unable to read VR Path Registry from C:\Users\my\AppData\Local\openvr\openvrpaths.vrpath
[Child 16792, Chrome_ChildThread] WARNING: pipe error: 109: file z:/build/build/src/ipc/chromium/src/chrome/common/ipc_channel_win.cc, line 346
1512467659574	Marionette	INFO	Listening on port 55879
1512467660025	Marionette	WARN	TLS certificate errors will be ignored for this session
1512467660096	Marionette	DEBUG	Register listener.js for window 4294967297
1512467660125	Marionette	DEBUG	Received DOM event "beforeunload" for "about:blank"
1512467660189	Marionette	DEBUG	Received DOM event "pagehide" for "about:blank"
1512467660189	Marionette	DEBUG	Received DOM event "unload" for "about:blank"
1512467660198	Marionette	DEBUG	Received DOM event "DOMContentLoaded" for "http://wh.meituan.com/meishi/c35/pn1/"
1512467660205	Marionette	DEBUG	Received DOM event "pageshow" for "http://wh.meituan.com/meishi/c35/pn1/"
1512467988160	geckodriver	INFO	geckodriver 0.19.0
1512467988171	geckodriver	INFO	Listening on 127.0.0.1:56166
1512467990238	mozrunner::runner	INFO	Running command: "C:\\Program Files (x86)\\Mozilla Firefox\\firefox.exe" "-marionette" "-profile" "C:\\Users\\my\\AppData\\Local\\Temp\\rust_mozprofile.ZRfS2TplaLrN"
1512467991177	Marionette	INFO	Enabled via --marionette
1512467993270	Marionette	INFO	Listening on port 56172
1512467993401	Marionette	WARN	TLS certificate errors will be ignored for this session
1512467993487	Marionette	DEBUG	Register listener.js for window 4294967297
1512467993567	Marionette	DEBUG	Received DOM event "beforeunload" for "about:blank"
1512467993631	Marionette	DEBUG	Received DOM event "pagehide" for "about:blank"
1512467993632	Marionette	DEBUG	Received DOM event "unload" for "about:blank"
1512467993644	Marionette	DEBUG	Received DOM event "DOMContentLoaded" for "http://wh.meituan.com/meishi/c35/pn1/"
1512467993646	Marionette	DEBUG	Received DOM event "pageshow" for "http://wh.meituan.com/meishi/c35/pn1/"
1512467995677	Marionette	DEBUG	Register listener.js for window 4294967301
1512467996353	Marionette	DEBUG	Register listener.js for window 8589934593
Unable to read VR Path Registry from C:\Users\my\AppData\Local\openvr\openvrpaths.vrpath
[Child 13024, Chrome_ChildThread] WARNING: pipe error: 109: file z:/build/build/src/ipc/chromium/src/chrome/common/ipc_channel_win.cc, line 346
[Child 13024, Chrome_ChildThread] WARNING: pipe error: 109: file z:/build/build/src/ipc/chromium/src/chrome/common/ipc_channel_win.cc, line 346
Unable to read VR Path Registry from C:\Users\my\AppData\Local\openvr\openvrpaths.vrpath
[Child 7872, Chrome_ChildThread] WARNING: pipe error: 109: file z:/build/build/src/ipc/chromium/src/chrome/common/ipc_channel_win.cc, line 346
[Child 7872, Chrome_ChildThread] WARNING: pipe error: 109: file z:/build/build/src/ipc/chromium/src/chrome/common/ipc_channel_win.cc, line 346
Unable to read VR Path Registry from C:\Users\my\AppData\Local\openvr\openvrpaths.vrpath
[Child 4744, Chrome_ChildThread] WARNING: pipe error: 109: file z:/build/build/src/ipc/chromium/src/chrome/common/ipc_channel_win.cc, line 346
*** UTM:SVC TimerManager:registerTimer called after profile-before-change notification. Ignoring timer registration for id: telemetry_modules_ping

###!!! [Child][MessageChannel::SendAndWait] Error: Channel error: cannot send/recv

Unable to read VR Path Registry from C:\Users\my\AppData\Local\openvr\openvrpaths.vrpath
1512468023718	geckodriver::marionette	ERROR	Failed to kill browser process
1512468148483	geckodriver	INFO	geckodriver 0.19.0
1512468148495	geckodriver	INFO	Listening on 127.0.0.1:56318
1512468150546	mozrunner::runner	INFO	Running command: "C:\\Program Files (x86)\\Mozilla Firefox\\firefox.exe" "-marionette" "-profile" "C:\\Users\\my\\AppData\\Local\\Temp\\rust_mozprofile.soOGYbs2WFWM"
1512468151446	Marionette	INFO	Enabled via --marionette
Unable to read VR Path Registry from C:\Users\my\AppData\Local\openvr\openvrpaths.vrpath
[Parent 13112, Gecko_IOThread] WARNING: pipe error: 109: file z:/build/build/src/ipc/chromium/src/chrome/common/ipc_channel_win.cc, line 346
1512468153161	Marionette	INFO	Listening on port 56324
1512468153697	Marionette	WARN	TLS certificate errors will be ignored for this session
1512468153781	Marionette	DEBUG	Register listener.js for window 4294967297
1512468153802	Marionette	DEBUG	Received DOM event "beforeunload" for "about:blank"
1512468154074	Marionette	DEBUG	Received DOM event "pagehide" for "about:blank"
1512468154074	Marionette	DEBUG	Received DOM event "unload" for "about:blank"
Unable to read VR Path Registry from C:\Users\my\AppData\Local\openvr\openvrpaths.vrpath
JavaScript warning: https://report.passport.360.cn/fpv2.js, line 1: unreachable code after return statement
JavaScript warning: https://report.passport.360.cn/fpv2.js, line 1: unreachable code after return statement
JavaScript warning: https://report.passport.360.cn/fpv2.js, line 1: unreachable code after return statement
JavaScript warning: https://report.passport.360.cn/fpv2.js, line 1: unreachable code after return statement
JavaScript warning: https://report.passport.360.cn/fpv2.js, line 1: unreachable code after return statement
JavaScript warning: https://report.passport.360.cn/fpv2.js, line 1: unreachable code after return statement
JavaScript warning: https://report.passport.360.cn/fpv2.js, line 1: unreachable code after return statement
JavaScript warning: https://report.passport.360.cn/fpv2.js, line 1: unreachable code after return statement
JavaScript warning: https://report.passport.360.cn/fpv2.js, line 1: unreachable code after return statement
JavaScript warning: https://report.passport.360.cn/fpv2.js, line 1: unreachable code after return statement
JavaScript warning: https://report.passport.360.cn/fpv2.js, line 1: unreachable code after return statement
JavaScript warning: https://report.passport.360.cn/fpv2.js, line 1: unreachable code after return statement
JavaScript warning: https://report.passport.360.cn/fpv2.js, line 1: unreachable code after return statement
JavaScript warning: https://report.passport.360.cn/fpv2.js, line 1: unreachable code after return statement
JavaScript warning: https://report.passport.360.cn/fpv2.js, line 1: unreachable code after return statement
JavaScript warning: https://report.passport.360.cn/fpv2.js, line 1: unreachable code after return statement
JavaScript warning: https://report.passport.360.cn/fpv2.js, line 1: unreachable code after return statement
JavaScript warning: https://report.passport.360.cn/fpv2.js, line 1: unreachable code after return statement
JavaScript warning: https://report.passport.360.cn/fpv2.js, line 1: unreachable code after return statement
JavaScript warning: https://report.passport.360.cn/fpv2.js, line 1: unreachable code after return statement
JavaScript warning: https://report.passport.360.cn/fpv2.js, line 1: unreachable code after return statement
JavaScript warning: https://report.passport.360.cn/fpv2.js, line 1: unreachable code after return statement
JavaScript warning: https://report.passport.360.cn/fpv2.js, line 1: unreachable code after return statement
JavaScript warning: https://report.passport.360.cn/fpv2.js, line 1: unreachable code after return statement
JavaScript warning: https://report.passport.360.cn/fpv2.js, line 1: unreachable code after return statement
JavaScript warning: https://report.passport.360.cn/fpv2.js, line 1: unreachable code after return statement
JavaScript warning: https://report.passport.360.cn/fpv2.js, line 1: unreachable code after return statement
JavaScript warning: https://report.passport.360.cn/fpv2.js, line 1: unreachable code after return statement
JavaScript warning: https://report.passport.360.cn/fpv2.js, line 1: unreachable code after return statement
JavaScript warning: https://report.passport.360.cn/fpv2.js, line 1: unreachable code after return statement
JavaScript warning: https://report.passport.360.cn/fpv2.js, line 1: unreachable code after return statement
JavaScript warning: https://report.passport.360.cn/fpv2.js, line 1: unreachable code after return statement
JavaScript warning: https://report.passport.360.cn/fpv2.js, line 1: unreachable code after return statement
JavaScript warning: https://report.passport.360.cn/fpv2.js, line 1: unreachable code after return statement
JavaScript warning: https://report.passport.360.cn/fpv2.js, line 1: unreachable code after return statement
JavaScript warning: https://report.passport.360.cn/fpv2.js, line 1: unreachable code after return statement
1512468156623	Marionette	DEBUG	Received DOM event "DOMContentLoaded" for "https://eyun.360.cn/"
1512468156741	Marionette	DEBUG	Received DOM event "pageshow" for "https://eyun.360.cn/"
[Parent 13112, Gecko_IOThread] WARNING: pipe error: 109: file z:/build/build/src/ipc/chromium/src/chrome/common/ipc_channel_win.cc, line 346
[Child 8304, Chrome_ChildThread] WARNING: pipe error: 109: file z:/build/build/src/ipc/chromium/src/chrome/common/ipc_channel_win.cc, line 346
Unable to read VR Path Registry from C:\Users\my\AppData\Local\openvr\openvrpaths.vrpath
[Child 4280, Chrome_ChildThread] WARNING: pipe error: 109: file z:/build/build/src/ipc/chromium/src/chrome/common/ipc_channel_win.cc, line 346
[Child 4280, Chrome_ChildThread] WARNING: pipe error: 109: file z:/build/build/src/ipc/chromium/src/chrome/common/ipc_channel_win.cc, line 346
*** UTM:SVC TimerManager:registerTimer called after profile-before-change notification. Ignoring timer registration for id: telemetry_modules_ping
 "about:blank"
1512468162193	Marionette	DEBUG	Received DOM event "DOMContentLoaded" for "http://wh.meituan.com/meishi/c35/pn1/"
1512468162198	Marionette	DEBUG	Received DOM event "pageshow" for "http://wh.meituan.com/meishi/c35/pn1/"
Unable to read VR Path Registry from C:\Users\my\AppData\Local\openvr\openvrpaths.vrpath
[Child 10920, Chrome_ChildThread] WARNING: pipe error: 109: file z:/build/build/src/ipc/chromium/src/chrome/common/ipc_channel_win.cc, line 346
[Child 10920, Chrome_ChildThread] WARNING: pipe error: 109: file z:/build/build/src/ipc/chromium/src/chrome/common/ipc_channel_win.cc, line 346
*** UTM:SVC TimerManager:registerTimer called after profile-before-change notification. Ignoring timer registration for id: telemetry_modules_ping

###!!! [Child][MessageChannel::SendAndWait] Error: Channel error: cannot send/recv

Unable to read VR Path Registry from C:\Users\my\AppData\Local\openvr\openvrpaths.vrpath
1512468192305	geckodriver::marionette	ERROR	Failed to kill browser process
	INFO	Listening on 127.0.0.1:56433
1512468185667	mozrunner::runner	INFO	Running command: "C:\\Program Files (x86)\\Mozilla Firefox\\firefox.exe" "-marionette" "-profile" "C:\\Users\\my\\AppData\\Local\\Temp\\rust_mozprofile.RWTciRTEs2PA"
1512468186591	Marionette	INFO	Enabled via --marionette
Unable to read VR Path Registry from C:\Users\my\AppData\Local\openvr\openvrpaths.vrpath
[Child 15236, Chrome_ChildThread] WARNING: pipe error: 109: file z:/build/build/src/ipc/chromium/src/chrome/common/ipc_channel_win.cc, line 346
[Child 15236, Chrome_ChildThread] WARNING: pipe error: 109: file z:/build/build/src/ipc/chromium/src/chrome/common/ipc_channel_win.cc, line 346
1512468188327	Marionette	INFO	Listening on port 56439
1512468188837	Marionette	WARN	TLS certificate errors will be ignored for this session
1512468188922	Marionette	DEBUG	Register listener.js for window 4294967297
1512468188942	Marionette	DEBUG	Received DOM event "beforeunload" for "about:blank"
1512468189236	Marionette	DEBUG	Received DOM event "pagehide" for "about:blank"
1512468189237	Marionette	DEBUG	Received DOM event "unload" for "about:blank"
1512468191927	Marionette	DEBUG	Received DOM event "DOMContentLoaded" for "http://www.meituan.com/"
1512468191930	Marionette	DEBUG	Received DOM event "pageshow" for "http://www.meituan.com/"
Unable to read VR Path Registry from C:\Users\my\AppData\Local\openvr\openvrpaths.vrpath
[Child 16560, Chrome_ChildThread] WARNING: pipe error: 109: file z:/build/build/src/ipc/chromium/src/chrome/common/ipc_channel_win.cc, line 346

###!!! [Child][MessageChannel::SendAndWait] Error: Channel error: cannot send/recv

Unable to read VR Path Registry from C:\Users\my\AppData\Local\openvr\openvrpaths.vrpath
s\my\AppData\Local\openvr\openvrpaths.vrpath
[Child 10648, Chrome_ChildThread] WARNING: pipe error: 109: file z:/build/build/src/ipc/chromium/src/chrome/common/ipc_channel_win.cc, line 346
[Child 10648, Chrome_ChildThread] WARNING: pipe error: 109: file z:/build/build/src/ipc/chromium/src/chrome/common/ipc_channel_win.cc, line 346
1512468197224	Marionette	INFO	Listening on port 56503
1512468197677	Marionette	WARN	TLS certificate errors will be ignored for this session
1512468197755	Marionette	DEBUG	Register listener.js for window 4294967297
1512468197784	Marionette	DEBUG	Received DOM event "beforeunload" for "about:blank"
1512468197833	Marionette	DEBUG	Received DOM event "pagehide" for "about:blank"
1512468197833	Marionette	DEBUG	Received DOM event "unload" for "about:blank"
1512468197844	Marionette	DEBUG	Received DOM event "DOMContentLoaded" for "http://wh.meituan.com/meishi/c35/pn1/"
1512468197849	Marionette	DEBUG	Received DOM event "pageshow" for "http://wh.meituan.com/meishi/c35/pn1/"
[GFX1-]: Receive IPC close with reason=AbnormalShutdown
[GFX1-]: Receive IPC close with reason=AbnormalShutdown
468217950	mozrunner::runner	INFO	Running command: "C:\\Program Files (x86)\\Mozilla Firefox\\firefox.exe" "-marionette" "-profile" "C:\\Users\\my\\AppData\\Local\\Temp\\rust_mozprofile.12T2UmnqpER4"
1512468218896	Marionette	INFO	Enabled via --marionette
Unable to read VR Path Registry from C:\Users\my\AppData\Local\openvr\openvrpaths.vrpath
[Child 3940, Chrome_ChildThread] WARNING: pipe error: 109: file z:/build/build/src/ipc/chromium/src/chrome/common/ipc_channel_win.cc, line 346
[Child 3940, Chrome_ChildThread] WARNING: pipe error: 109: file z:/build/build/src/ipc/chromium/src/chrome/common/ipc_channel_win.cc, line 346
1512468220660	Marionette	INFO	Listening on port 56571
1512468221117	Marionette	WARN	TLS certificate errors will be ignored for this session
1512468221251	Marionette	DEBUG	Register listener.js for window 4294967297
1512468221288	Marionette	DEBUG	Received DOM event "beforeunload" for "about:blank"
1512468221544	Marionette	DEBUG	Received DOM event "pagehide" for "about:blank"
1512468221545	Marionette	DEBUG	Received DOM event "unload" for "about:blank"
1512468222663	Marionette	DEBUG	Received DOM event "DOMContentLoaded" for "http://www.meituan.com/"
1512468222666	Marionette	DEBUG	Received DOM event "pageshow" for "http://www.meituan.com/"
Unable to read VR Path Registry from C:\Users\my\AppData\Local\openvr\openvrpaths.vrpath
[Parent 13756, Gecko_IOThread] WARNING: pipe error: 109: file z:/build/build/src/ipc/chromium/src/chrome/common/ipc_channel_win.cc, line 346
Unable to read VR Path Registry from C:\Users\my\AppData\Local\openvr\openvrpaths.vrpath
[Child 9968, Chrome_ChildThread] WARNING: pipe error: 109: file z:/build/build/src/ipc/chromium/src/chrome/common/ipc_channel_win.cc, line 346

###!!! [Child][MessageChannel::SendAndWait] Error: Channel error: cannot send/recv

/src/chrome/common/ipc_channel_win.cc, line 346
1512468227664	Marionette	INFO	Listening on port 56634
1512468227905	Marionette	WARN	TLS certificate errors will be ignored for this session
1512468228026	Marionette	DEBUG	Register listener.js for window 4294967297
1512468228059	Marionette	DEBUG	Received DOM event "beforeunload" for "about:blank"
1512468228142	Marionette	DEBUG	Received DOM event "pagehide" for "about:blank"
1512468228143	Marionette	DEBUG	Received DOM event "unload" for "about:blank"
1512468228153	Marionette	DEBUG	Received DOM event "DOMContentLoaded" for "http://wh.meituan.com/meishi/c35/pn1/"
1512468228159	Marionette	DEBUG	Received DOM event "pageshow" for "http://wh.meituan.com/meishi/c35/pn1/"
[GFX1-]: Receive IPC close with reason=Abno[GFX1-]: Receive IPC rcmlose with reason=AbnormalShutdowna
lShutdown
468234277	mozrunner::runner	INFO	Running command: "C:\\Program Files (x86)\\Mozilla Firefox\\firefox.exe" "-marionette" "-profile" "C:\\Users\\my\\AppData\\Local\\Temp\\rust_mozprofile.sWuKzMZdYmqq"
1512468235180	Marionette	INFO	Enabled via --marionette
1512468237041	Marionette	INFO	Listening on port 56671
1512468237429	Marionette	WARN	TLS certificate errors will be ignored for this session
1512468237506	Marionette	DEBUG	Register listener.js for window 4294967297
1512468237533	Marionette	DEBUG	Received DOM event "beforeunload" for "about:blank"
1512468237635	Marionette	DEBUG	Received DOM event "pagehide" for "about:blank"
1512468237635	Marionette	DEBUG	Received DOM event "unload" for "about:blank"
1512468238412	Marionette	DEBUG	Received DOM event "DOMContentLoaded" for "http://wh.meituan.com/"
1512468238476	Marionette	DEBUG	Received DOM event "pageshow" for "http://wh.meituan.com/"
Unable to read VR Path Registry from C:\Users\my\AppData\Local\openvr\openvrpaths.vrpath
[Child 14788, Chrome_ChildThread] WARNING: pipe error: 109: file z:/build/build/src/ipc/chromium/src/chrome/common/ipc_channel_win.cc, line 346

###!!! [Child][MessageChannel::SendAndWait] Error: Channel error: cannot send/recv

Unable to read VR Path Registry from C:\Users\my\AppData\Local\openvr\openvrpaths.vrpath
ort 56747
1512468243718	Marionette	WARN	TLS certificate errors will be ignored for this session
1512468243846	Marionette	DEBUG	Register listener.js for window 4294967297
1512468243936	Marionette	DEBUG	Received DOM event "beforeunload" for "about:blank"
1512468244020	Marionette	DEBUG	Received DOM event "pagehide" for "about:blank"
1512468244021	Marionette	DEBUG	Received DOM event "unload" for "about:blank"
1512468244029	Marionette	DEBUG	Received DOM event "DOMContentLoaded" for "http://wh.meituan.com/meishi/c35/pn1/"
1512468244038	Marionette	DEBUG	Received DOM event "pageshow" for "http://wh.meituan.com/meishi/c35/pn1/"
Unable to read VR Path Registry from C:\Users\my\AppData\Local\openvr\openvrpaths.vrpath
[Child 16244, Chrome_ChildThread] WARNING: pipe error: 109: file z:/build/build/src/ipc/chromium/src/chrome/common/ipc_channel_win.cc, line 346
Unable to read VR Path Registry from C:\Users\my\AppData\Local\openvr\openvrpaths.vrpath
[Child 15952, Chrome_ChildThread] WARNING: pipe error: 109: file z:/build/build/src/ipc/chromium/src/chrome/common/ipc_channel_win.cc, line 346
*** UTM:SVC TimerManager:registerTimer called after profile-before-change notification. Ignoring timer registration for id: telemetry_modules_ping

###!!! [Child][MessageChannel::SendAndWait] Error: Channel error: cannot send/recv

Unable to read VR Path Registry from C:\Users\my\AppData\Local\openvr\openvrpaths.vrpath
1512468274120	geckodriver::marionette	ERROR	Failed to kill browser process
	INFO	Listening on 127.0.0.1:56786
1512468266160	mozrunner::runner	INFO	Running command: "C:\\Program Files (x86)\\Mozilla Firefox\\firefox.exe" "-marionette" "-profile" "C:\\Users\\my\\AppData\\Local\\Temp\\rust_mozprofile.bYwpaoGcCE0l"
1512468267127	Marionette	INFO	Enabled via --marionette
Unable to read VR Path Registry from C:\Users\my\AppData\Local\openvr\openvrpaths.vrpath
[Child 10572, Chrome_ChildThread] WARNING: pipe error: 109: file z:/build/build/src/ipc/chromium/src/chrome/common/ipc_channel_win.cc, line 346
1512468268977	Marionette	INFO	Listening on port 56792
1512468269311	Marionette	WARN	TLS certificate errors will be ignored for this session
1512468269398	Marionette	DEBUG	Register listener.js for window 4294967297
1512468269423	Marionette	DEBUG	Received DOM event "beforeunload" for "about:blank"
1512468269509	Marionette	DEBUG	Received DOM event "pagehide" for "about:blank"
1512468269510	Marionette	DEBUG	Received DOM event "unload" for "about:blank"
1512468270242	Marionette	DEBUG	Received DOM event "DOMContentLoaded" for "http://wh.meituan.com/"
1512468271056	Marionette	DEBUG	Received DOM event "pageshow" for "http://wh.meituan.com/"
1512468271079	Marionette	DEBUG	Received DOM event "beforeunload" for "http://wh.meituan.com/"
1512468271112	Marionette	DEBUG	Received DOM event "pagehide" for "http://wh.meituan.com/"
1512468271112	Marionette	DEBUG	Received DOM event "unload" for "http://wh.meituan.com/"
1512468271122	Marionette	DEBUG	Received DOM event "DOMContentLoaded" for "http://wh.meituan.com/meishi/c35/pn1/"
1512468271126	Marionette	DEBUG	Received DOM event "pageshow" for "http://wh.meituan.com/meishi/c35/pn1/"
Unable to read VR Path Registry from C:\Users\my\AppData\Local\openvr\openvrpaths.vrpath
[Child 5076, Chrome_ChildThread] WARNING: pipe error: 109: file z:/build/build/src/ipc/chromium/src/chrome/common/ipc_channel_win.cc, line 346

###!!! [Child][MessageChannel::SendAndWait] Error: Channel error: cannot send/recv

Unable to read VR Path Registry from C:\Users\my\AppData\Local\openvr\openvrpaths.vrpath
rs\my\AppData\Local\openvr\openvrpaths.vrpath
[Child 16996, Chrome_ChildThread] WARNING: pipe error: 109: file z:/build/build/src/ipc/chromium/src/chrome/common/ipc_channel_win.cc, line 346
1512468281835	Marionette	INFO	Listening on port 56871
1512468282263	Marionette	WARN	TLS certificate errors will be ignored for this session
1512468282339	Marionette	DEBUG	Register listener.js for window 4294967297
1512468282378	Marionette	DEBUG	Received DOM event "beforeunload" for "about:blank"
1512468282459	Marionette	DEBUG	Received DOM event "pagehide" for "about:blank"
1512468282459	Marionette	DEBUG	Received DOM event "unload" for "about:blank"
1512468283156	Marionette	DEBUG	Received DOM event "DOMContentLoaded" for "http://wh.meituan.com/"
1512468284012	Marionette	DEBUG	Received DOM event "pageshow" for "http://wh.meituan.com/"
1512468284054	Marionette	DEBUG	Received DOM event "beforeunload" for "http://wh.meituan.com/"
1512468284094	Marionette	DEBUG	Received DOM event "pagehide" for "http://wh.meituan.com/"
1512468284095	Marionette	DEBUG	Received DOM event "unload" for "http://wh.meituan.com/"
1512468284103	Marionette	DEBUG	Received DOM event "DOMContentLoaded" for "http://wh.meituan.com/meishi/c35/pn1/"
1512468284107	Marionette	DEBUG	Received DOM event "pageshow" for "http://wh.meituan.com/meishi/c35/pn1/"
Unable to read VR Path Registry from C:\Users\my\AppData\Local\openvr\openvrpaths.vrpath
[Child 9028, Chrome_ChildThread] WARNING: pipe error: 109: file z:/build/build/src/ipc/chromium/src/chrome/common/ipc_channel_win.cc, line 346
[Child 9028, Chrome_ChildThread] WARNING: pipe error: 109: file z:/build/build/src/ipc/chromium/src/chrome/common/ipc_channel_win.cc, line 346
Unable to read VR Path Registry from C:\Users\my\AppData\Local\openvr\openvrpaths.vrpath
[Child 11520, Chrome_ChildThread] WARNING: pipe error: 109: file z:/build/build/src/ipc/chromium/src/chrome/common/ipc_channel_win.cc, line 346

###!!! [Child][MessageChannel::SendAndWait] Error: Channel error: cannot send/recv

Unable to read VR Path Registry from C:\Users\my\AppData\Local\openvr\openvrpaths.vrpath
1512468704966	geckodriver	INFO	geckodriver 0.19.0
1512468704978	geckodriver	INFO	Listening on 127.0.0.1:57443
1512468707020	mozrunner::runner	INFO	Running command: "C:\\Program Files (x86)\\Mozilla Firefox\\firefox.exe" "-marionette" "-profile" "C:\\Users\\my\\AppData\\Local\\Temp\\rust_mozprofile.YWBuEwu2bOux"
1512468707994	Marionette	INFO	Enabled via --marionette
Unable to read VR Path Registry from C:\Users\my\AppData\Local\openvr\openvrpaths.vrpath
[Child 7260, Chrome_ChildThread] WARNING: pipe error: 109: file z:/build/build/src/ipc/chromium/src/chrome/common/ipc_channel_win.cc, line 346
[Child 7260, Chrome_ChildThread] WARNING: pipe error: 109: file z:/build/build/src/ipc/chromium/src/chrome/common/ipc_channel_win.cc, line 346
1512468709862	Marionette	INFO	Listening on port 57450
1512468710174	Marionette	WARN	TLS certificate errors will be ignored for this session
1512468710274	Marionette	DEBUG	Register listener.js for window 4294967297
1512468710301	Marionette	DEBUG	Received DOM event "beforeunload" for "about:blank"
1512468710382	Marionette	DEBUG	Received DOM event "pagehide" for "about:blank"
1512468710382	Marionette	DEBUG	Received DOM event "unload" for "about:blank"
1512468711197	Marionette	DEBUG	Received DOM event "DOMContentLoaded" for "http://wh.meituan.com/"
1512468711262	Marionette	DEBUG	Received DOM event "pageshow" for "http://wh.meituan.com/"
1512468711913	Marionette	DEBUG	Received DOM event "beforeunload" for "http://wh.meituan.com/"
1512468712089	Marionette	DEBUG	Received DOM event "pagehide" for "http://wh.meituan.com/"
1512468712090	Marionette	DEBUG	Received DOM event "unload" for "http://wh.meituan.com/"
1512468712125	Marionette	DEBUG	Received DOM event "DOMContentLoaded" for "http://wh.meituan.com/meishi/c35/pn1/"
1512468712174	Marionette	DEBUG	Received DOM event "pageshow" for "http://wh.meituan.com/meishi/c35/pn1/"
1512469098548	addons.productaddons	WARN	Failed downloading XML, status: 0, reason: timeout
Unable to read VR Path Registry from C:\Users\my\AppData\Local\openvr\openvrpaths.vrpath
[Child 13668, Chrome_ChildThread] WARNING: pipe error: 109: file z:/build/build/src/ipc/chromium/src/chrome/common/ipc_channel_win.cc, line 346
[Child 13668, Chrome_ChildThread] WARNING: pipe error: 109: file z:/build/build/src/ipc/chromium/src/chrome/common/ipc_channel_win.cc, line 346
Unable to read VR Path Registry from C:\Users\my\AppData\Local\openvr\openvrpaths.vrpath
[Child 11088, Chrome_ChildThread] WARNING: pipe error: 109: file z:/build/build/src/ipc/chromium/src/chrome/common/ipc_channel_win.cc, line 346
[Child 11088, Chrome_ChildThread] WARNING: pipe error: 109: file z:/build/build/src/ipc/chromium/src/chrome/common/ipc_channel_win.cc, line 346

###!!! [Child][MessageChannel::SendAndWait] Error: Channel error: cannot send/recv

Unable to read VR Path Registry from C:\Users\my\AppData\Local\openvr\openvrpaths.vrpath
stallLocation directory is missing
1512468894669	addons.xpi	INFO	Removing all system add-on upgrades.
1512468894669	addons.xpi	DEBUG	checkForChanges
1512468894670	addons.xpi	DEBUG	Loaded add-on state: ${}
1512468894671	addons.xpi	INFO	Mapping activity-stream@mozilla.org to C:\Program Files (x86)\Mozilla Firefox\browser\features\activity-stream@mozilla.org.xpi
1512468894671	addons.xpi	INFO	Mapping aushelper@mozilla.org to C:\Program Files (x86)\Mozilla Firefox\browser\features\aushelper@mozilla.org.xpi
1512468894671	addons.xpi	INFO	Mapping e10srollout@mozilla.org to C:\Program Files (x86)\Mozilla Firefox\browser\features\e10srollout@mozilla.org.xpi
1512468894671	addons.xpi	INFO	Mapping firefox@getpocket.com to C:\Program Files (x86)\Mozilla Firefox\browser\features\firefox@getpocket.com.xpi
1512468894671	addons.xpi	INFO	Mapping followonsearch@mozilla.com to C:\Program Files (x86)\Mozilla Firefox\browser\features\followonsearch@mozilla.com.xpi
1512468894671	addons.xpi	INFO	Mapping formautofill@mozilla.org to C:\Program Files (x86)\Mozilla Firefox\browser\features\formautofill@mozilla.org.xpi
1512468894671	addons.xpi	INFO	Mapping onboarding@mozilla.org to C:\Program Files (x86)\Mozilla Firefox\browser\features\onboarding@mozilla.org.xpi
1512468894671	addons.xpi	INFO	Mapping screenshots@mozilla.org to C:\Program Files (x86)\Mozilla Firefox\browser\features\screenshots@mozilla.org.xpi
1512468894671	addons.xpi	INFO	Mapping shield-recipe-client@mozilla.org to C:\Program Files (x86)\Mozilla Firefox\browser\features\shield-recipe-client@mozilla.org.xpi
1512468894672	addons.xpi	INFO	Mapping webcompat@mozilla.org to C:\Program Files (x86)\Mozilla Firefox\browser\features\webcompat@mozilla.org.xpi
1512468894672	addons.xpi	DEBUG	New add-on activity-stream@mozilla.org in app-system-defaults
1512468894673	addons.xpi	INFO	Mapping activity-stream@mozilla.org to C:\Program Files (x86)\Mozilla Firefox\browser\features\activity-stream@mozilla.org.xpi
1512468894674	addons.xpi	DEBUG	New add-on aushelper@mozilla.org in app-system-defaults
1512468894674	addons.xpi	INFO	Mapping aushelper@mozilla.org to C:\Program Files (x86)\Mozilla Firefox\browser\features\aushelper@mozilla.org.xpi
1512468894675	addons.xpi	DEBUG	New add-on e10srollout@mozilla.org in app-system-defaults
1512468894675	addons.xpi	INFO	Mapping e10srollout@mozilla.org to C:\Program Files (x86)\Mozilla Firefox\browser\features\e10srollout@mozilla.org.xpi
1512468894675	addons.xpi	DEBUG	New add-on firefox@getpocket.com in app-system-defaults
1512468894675	addons.xpi	INFO	Mapping firefox@getpocket.com to C:\Program Files (x86)\Mozilla Firefox\browser\features\firefox@getpocket.com.xpi
1512468894676	addons.xpi	DEBUG	New add-on followonsearch@mozilla.com in app-system-defaults
1512468894676	addons.xpi	INFO	Mapping followonsearch@mozilla.com to C:\Program Files (x86)\Mozilla Firefox\browser\features\followonsearch@mozilla.com.xpi
1512468894676	addons.xpi	DEBUG	New add-on formautofill@mozilla.org in app-system-defaults
1512468894676	addons.xpi	INFO	Mapping formautofill@mozilla.org to C:\Program Files (x86)\Mozilla Firefox\browser\features\formautofill@mozilla.org.xpi
1512468894677	addons.xpi	DEBUG	New add-on onboarding@mozilla.org in app-system-defaults
1512468894677	addons.xpi	INFO	Mapping onboarding@mozilla.org to C:\Program Files (x86)\Mozilla Firefox\browser\features\onboarding@mozilla.org.xpi
1512468894677	addons.xpi	DEBUG	New add-on screenshots@mozilla.org in app-system-defaults
1512468894677	addons.xpi	INFO	Mapping screenshots@mozilla.org to C:\Program Files (x86)\Mozilla Firefox\browser\features\screenshots@mozilla.org.xpi
1512468894677	addons.xpi	DEBUG	New add-on shield-recipe-client@mozilla.org in app-system-defaults
1512468894677	addons.xpi	INFO	Mapping shield-recipe-client@mozilla.org to C:\Program Files (x86)\Mozilla Firefox\browser\features\shield-recipe-client@mozilla.org.xpi
1512468894678	addons.xpi	DEBUG	New add-on webcompat@mozilla.org in app-system-defaults
1512468894678	addons.xpi	INFO	Mapping webcompat@mozilla.org to C:\Program Files (x86)\Mozilla Firefox\browser\features\webcompat@mozilla.org.xpi
1512468894679	addons.xpi	INFO	Mapping {972ce4c6-7e08-4474-a285-3208198ce6fd} to C:\Program Files (x86)\Mozilla Firefox\browser\extensions\{972ce4c6-7e08-4474-a285-3208198ce6fd}.xpi
1512468894679	addons.xpi	DEBUG	New add-on {972ce4c6-7e08-4474-a285-3208198ce6fd} in app-global
1512468894679	addons.xpi	INFO	Mapping {972ce4c6-7e08-4474-a285-3208198ce6fd} to C:\Program Files (x86)\Mozilla Firefox\browser\extensions\{972ce4c6-7e08-4474-a285-3208198ce6fd}.xpi
1512468894679	addons.xpi	DEBUG	getInstallState changed: true, state: {}
1512468894680	addons.xpi	INFO	SystemAddonInstallLocation directory is missing
1512468894685	addons.xpi-utils	DEBUG	Opening XPI database C:\Users\my\AppData\Local\Temp\rust_mozprofile.ccDEZQrfKPfl\extensions.json
1512468894687	addons.xpi-utils	DEBUG	New add-on activity-stream@mozilla.org installed in app-system-defaults
*** Blocklist::_loadBlocklistFromFile: blocklist is disabled
1512468894708	DeferredSave.extensions.json	DEBUG	Save changes
1512468894709	addons.xpi-utils	DEBUG	New add-on aushelper@mozilla.org installed in app-system-defaults
1512468894711	DeferredSave.extensions.json	DEBUG	Starting timer
1512468894713	DeferredSave.extensions.json	DEBUG	Save changes
1512468894713	addons.xpi-utils	DEBUG	New add-on e10srollout@mozilla.org installed in app-system-defaults
1512468894716	DeferredSave.extensions.json	DEBUG	Save changes
1512468894716	addons.xpi-utils	DEBUG	New add-on firefox@getpocket.com installed in app-system-defaults
1512468894721	DeferredSave.extensions.json	DEBUG	Save changes
1512468894721	addons.xpi-utils	DEBUG	New add-on followonsearch@mozilla.com installed in app-system-defaults
1512468894725	DeferredSave.extensions.json	DEBUG	Save changes
1512468894725	addons.xpi-utils	DEBUG	New add-on formautofill@mozilla.org installed in app-system-defaults
1512468894729	DeferredSave.extensions.json	DEBUG	Save changes
1512468894729	addons.xpi-utils	DEBUG	New add-on onboarding@mozilla.org installed in app-system-defaults
1512468894732	DeferredSave.extensions.json	DEBUG	Save changes
1512468894732	addons.xpi-utils	DEBUG	New add-on screenshots@mozilla.org installed in app-system-defaults
1512468894737	DeferredSave.extensions.json	DEBUG	Save changes
1512468894737	addons.xpi-utils	DEBUG	New add-on shield-recipe-client@mozilla.org installed in app-system-defaults
1512468894742	DeferredSave.extensions.json	DEBUG	Save changes
1512468894742	addons.xpi-utils	DEBUG	New add-on webcompat@mozilla.org installed in app-system-defaults
1512468894744	DeferredSave.extensions.json	DEBUG	Save changes
1512468894745	addons.xpi-utils	DEBUG	New add-on {972ce4c6-7e08-4474-a285-3208198ce6fd} installed in app-global
1512468894749	DeferredSave.extensions.json	DEBUG	Save changes
1512468894749	addons.manager	DEBUG	Registering startup change 'installed' for activity-stream@mozilla.org
1512468894757	addons.xpi	DEBUG	Loading bootstrap scope from C:\Program Files (x86)\Mozilla Firefox\browser\features\activity-stream@mozilla.org.xpi
1512468894761	addons.xpi	DEBUG	Calling bootstrap method install on activity-stream@mozilla.org version 2017.11.07.1100-7f4e3634
1512468894761	addons.xpi-utils	DEBUG	Make addon app-system-defaults:activity-stream@mozilla.org visible
1512468894761	addons.xpi	DEBUG	Updating XPIState for {"id":"activity-stream@mozilla.org","syncGUID":"{98569a15-b592-4ae1-a22b-b75d97ffec75}","location":"app-system-defaults","version":"2017.11.07.1100-7f4e3634","type":"extension","internalName":null,"updateURL":null,"updateKey":null,"optionsURL":null,"optionsType":null,"aboutURL":null,"defaultLocale":{"name":"Activity Stream","description":"A rich visual history feed and a reimagined home page make it easier than ever to find exactly what you're looking for in Firefox.","creator":null,"homepageURL":null},"visible":true,"active":false,"userDisabled":false,"appDisabled":false,"installDate":1512164718176,"updateDate":1512164718176,"applyBackgroundUpdates":1,"bootstrap":true,"path":"C:\\Program Files (x86)\\Mozilla Firefox\\browser\\features\\activity-stream@mozilla.org.xpi","skinnable":false,"size":1423182,"sourceURI":null,"releaseNotesURI":null,"softDisabled":false,"foreignInstall":false,"hasBinaryComponents":false,"strictCompatibility":false,"locales":[],"targetApplications":[{"id":"{ec8030f7-c20a-464f-9b0e-13a3a9e97384}","minVersion":"57.0.1","maxVersion":"57.*"}],"targetPlatforms":[],"multiprocessCompatible":true,"seen":true,"dependencies":[],"hasEmbeddedWebExtension":false,"mpcOptedOut":false,"userPermissions":null,"icons":{},"iconURL":null,"icon64URL":null,"blocklistState":0,"blocklistURL":null}
1512468894763	DeferredSave.extensions.json	DEBUG	Save changes
1512468894763	addons.manager	DEBUG	Registering startup change 'installed' for aushelper@mozilla.org
1512468894764	addons.xpi	DEBUG	Loading bootstrap scope from C:\Program Files (x86)\Mozilla Firefox\browser\features\aushelper@mozilla.org.xpi
1512468894766	addons.xpi	DEBUG	Calling bootstrap method install on aushelper@mozilla.org version 2.0
1512468894766	addons.xpi-utils	DEBUG	Make addon app-system-defaults:aushelper@mozilla.org visible
1512468894766	addons.xpi	DEBUG	Updating XPIState for {"id":"aushelper@mozilla.org","syncGUID":"{57f83005-9a38-4b72-8d45-691ba0011111}","location":"app-system-defaults","version":"2.0","type":"extension","internalName":null,"updateURL":null,"updateKey":null,"optionsURL":null,"optionsType":null,"aboutURL":null,"defaultLocale":{"name":"Application Update Service Helper","description":"Sets value(s) in the update url based on custom checks.","creator":null,"homepageURL":null},"visible":true,"active":false,"userDisabled":false,"appDisabled":false,"installDate":1512164718161,"updateDate":1512164718161,"applyBackgroundUpdates":1,"bootstrap":true,"path":"C:\\Program Files (x86)\\Mozilla Firefox\\browser\\features\\aushelper@mozilla.org.xpi","skinnable":false,"size":8488,"sourceURI":null,"releaseNotesURI":null,"softDisabled":false,"foreignInstall":false,"hasBinaryComponents":false,"strictCompatibility":false,"locales":[],"targetApplications":[{"id":"{ec8030f7-c20a-464f-9b0e-13a3a9e97384}","minVersion":"57.0.1","maxVersion":"57.*"}],"targetPlatforms":[],"multiprocessCompatible":true,"seen":true,"dependencies":[],"hasEmbeddedWebExtension":false,"mpcOptedOut":false,"userPermissions":null,"icons":{},"iconURL":null,"icon64URL":null,"blocklistState":0,"blocklistURL":null}
1512468894766	DeferredSave.extensions.json	DEBUG	Save changes
1512468894767	addons.manager	DEBUG	Registering startup change 'installed' for e10srollout@mozilla.org
1512468894767	addons.xpi	DEBUG	Loading bootstrap scope from C:\Program Files (x86)\Mozilla Firefox\browser\features\e10srollout@mozilla.org.xpi
1512468894776	addons.xpi	DEBUG	Calling bootstrap method install on e10srollout@mozilla.org version 3.05
1512468894777	addons.xpi-utils	DEBUG	Make addon app-system-defaults:e10srollout@mozilla.org visible
1512468894777	addons.xpi	DEBUG	Updating XPIState for {"id":"e10srollout@mozilla.org","syncGUID":"{57abb59c-2b12-47ef-917a-d69d550b8efa}","location":"app-system-defaults","version":"3.05","type":"extension","internalName":null,"updateURL":null,"updateKey":null,"optionsURL":null,"optionsType":null,"aboutURL":null,"defaultLocale":{"name":"Multi-process staged rollout","description":"Staged rollout of Firefox multi-process feature.","creator":null,"homepageURL":null},"visible":true,"active":false,"userDisabled":false,"appDisabled":false,"installDate":1512164718156,"updateDate":1512164718156,"applyBackgroundUpdates":1,"bootstrap":true,"path":"C:\\Program Files (x86)\\Mozilla Firefox\\browser\\features\\e10srollout@mozilla.org.xpi","skinnable":false,"size":13479,"sourceURI":null,"releaseNotesURI":null,"softDisabled":false,"foreignInstall":false,"hasBinaryComponents":false,"strictCompatibility":false,"locales":[],"targetApplications":[{"id":"{ec8030f7-c20a-464f-9b0e-13a3a9e97384}","minVersion":"57.0.1","maxVersion":"57.*"}],"targetPlatforms":[],"multiprocessCompatible":true,"seen":true,"dependencies":[],"hasEmbeddedWebExtension":false,"mpcOptedOut":false,"userPermissions":null,"icons":{},"iconURL":null,"icon64URL":null,"blocklistState":0,"blocklistURL":null}
1512468894778	DeferredSave.extensions.json	DEBUG	Save changes
1512468894778	addons.manager	DEBUG	Registering startup change 'installed' for firefox@getpocket.com
1512468894778	addons.xpi	DEBUG	Loading bootstrap scope from C:\Program Files (x86)\Mozilla Firefox\browser\features\firefox@getpocket.com.xpi
1512468894782	addons.xpi	DEBUG	Calling bootstrap method install on firefox@getpocket.com version 1.0.5
1512468894783	addons.xpi-utils	DEBUG	Make addon app-system-defaults:firefox@getpocket.com visible
1512468894783	addons.xpi	DEBUG	Updating XPIState for {"id":"firefox@getpocket.com","syncGUID":"{9ac69d64-4143-4de7-a262-dd6fd9e9320f}","location":"app-system-defaults","version":"1.0.5","type":"extension","internalName":null,"updateURL":null,"updateKey":null,"optionsURL":null,"optionsType":null,"aboutURL":null,"defaultLocale":{"name":"Pocket","description":"When you find something you want to view later, put it in Pocket.","creator":null,"homepageURL":null},"visible":true,"active":false,"userDisabled":false,"appDisabled":false,"installDate":1512164718149,"updateDate":1512164718149,"applyBackgroundUpdates":1,"bootstrap":true,"path":"C:\\Program Files (x86)\\Mozilla Firefox\\browser\\features\\firefox@getpocket.com.xpi","skinnable":false,"size":914878,"sourceURI":null,"releaseNotesURI":null,"softDisabled":false,"foreignInstall":false,"hasBinaryComponents":false,"strictCompatibility":false,"locales":[],"targetApplications":[{"id":"{ec8030f7-c20a-464f-9b0e-13a3a9e97384}","minVersion":"57.0.1","maxVersion":"57.*"}],"targetPlatforms":[],"multiprocessCompatible":true,"seen":true,"dependencies":[],"hasEmbeddedWebExtension":false,"mpcOptedOut":false,"userPermissions":null,"icons":{},"iconURL":null,"icon64URL":null,"blocklistState":0,"blocklistURL":null}
1512468894783	DeferredSave.extensions.json	DEBUG	Save changes
1512468894783	addons.manager	DEBUG	Registering startup change 'installed' for followonsearch@mozilla.com
1512468894784	addons.xpi	DEBUG	Loading bootstrap scope from C:\Program Files (x86)\Mozilla Firefox\browser\features\followonsearch@mozilla.com.xpi
1512468894785	addons.xpi	DEBUG	Calling bootstrap method install on followonsearch@mozilla.com version 0.9.6
1512468894786	addons.xpi-utils	DEBUG	Make addon app-system-defaults:followonsearch@mozilla.com visible
1512468894786	addons.xpi	DEBUG	Updating XPIState for {"id":"followonsearch@mozilla.com","syncGUID":"{691b55bc-e9f5-44eb-9c4c-54a9693a30d3}","location":"app-system-defaults","version":"0.9.6","type":"extension","internalName":null,"updateURL":null,"updateKey":null,"optionsURL":null,"optionsType":null,"aboutURL":null,"defaultLocale":{"name":"Follow-on Search Telemetry","description":null,"creator":null,"homepageURL":null},"visible":true,"active":false,"userDisabled":false,"appDisabled":false,"installDate":1510882218128,"updateDate":1510882218128,"applyBackgroundUpdates":1,"bootstrap":true,"path":"C:\\Program Files (x86)\\Mozilla Firefox\\browser\\features\\followonsearch@mozilla.com.xpi","skinnable":false,"size":18625,"sourceURI":null,"releaseNotesURI":null,"softDisabled":false,"foreignInstall":false,"hasBinaryComponents":false,"strictCompatibility":false,"locales":[],"targetApplications":[{"id":"{ec8030f7-c20a-464f-9b0e-13a3a9e97384}","minVersion":"52.0","maxVersion":"59.*"}],"targetPlatforms":[],"multiprocessCompatible":true,"seen":true,"dependencies":[],"hasEmbeddedWebExtension":false,"mpcOptedOut":false,"userPermissions":null,"icons":{},"iconURL":null,"icon64URL":null,"blocklistState":0,"blocklistURL":null}
1512468894786	DeferredSave.extensions.json	DEBUG	Save changes
1512468894786	addons.manager	DEBUG	Registering startup change 'installed' for formautofill@mozilla.org
1512468894787	addons.xpi	DEBUG	Loading bootstrap scope from C:\Program Files (x86)\Mozilla Firefox\browser\features\formautofill@mozilla.org.xpi
1512468894791	addons.xpi	DEBUG	Calling bootstrap method install on formautofill@mozilla.org version 1.0
1512468894791	addons.xpi-utils	DEBUG	Make addon app-system-defaults:formautofill@mozilla.org visible
1512468894791	addons.xpi	DEBUG	Updating XPIState for {"id":"formautofill@mozilla.org","syncGUID":"{58bb0a73-bd8d-4fcf-8878-1b85166a4d2a}","location":"app-system-defaults","version":"1.0","type":"extension","internalName":null,"updateURL":null,"updateKey":null,"optionsURL":null,"optionsType":null,"aboutURL":null,"defaultLocale":{"name":"Form Autofill","description":"Autofill forms with saved profiles","creator":null,"homepageURL":null},"visible":true,"active":false,"userDisabled":false,"appDisabled":false,"installDate":1512164718138,"updateDate":1512164718138,"applyBackgroundUpdates":1,"bootstrap":true,"path":"C:\\Program Files (x86)\\Mozilla Firefox\\browser\\features\\formautofill@mozilla.org.xpi","skinnable":false,"size":380181,"sourceURI":null,"releaseNotesURI":null,"softDisabled":false,"foreignInstall":false,"hasBinaryComponents":false,"strictCompatibility":false,"locales":[],"targetApplications":[{"id":"{ec8030f7-c20a-464f-9b0e-13a3a9e97384}","minVersion":"57.0.1","maxVersion":"57.*"}],"targetPlatforms":[],"multiprocessCompatible":true,"seen":true,"dependencies":[],"hasEmbeddedWebExtension":false,"mpcOptedOut":false,"userPermissions":null,"icons":{},"iconURL":null,"icon64URL":null,"blocklistState":0,"blocklistURL":null}
1512468894791	DeferredSave.extensions.json	DEBUG	Save changes
1512468894792	addons.manager	DEBUG	Registering startup change 'installed' for onboarding@mozilla.org
1512468894792	addons.xpi	DEBUG	Loading bootstrap scope from C:\Program Files (x86)\Mozilla Firefox\browser\features\onboarding@mozilla.org.xpi
1512468894796	addons.xpi	DEBUG	Calling bootstrap method install on onboarding@mozilla.org version 1.0
1512468894796	addons.xpi-utils	DEBUG	Make addon app-system-defaults:onboarding@mozilla.org visible
1512468894796	addons.xpi	DEBUG	Updating XPIState for {"id":"onboarding@mozilla.org","syncGUID":"{2e45dbae-9bbf-45fd-9ef7-0bcfc1806a42}","location":"app-system-defaults","version":"1.0","type":"extension","internalName":null,"updateURL":null,"updateKey":null,"optionsURL":null,"optionsType":null,"aboutURL":null,"defaultLocale":{"name":"Photon onboarding","description":"Photon onboarding","creator":null,"homepageURL":null},"visible":true,"active":false,"userDisabled":false,"appDisabled":false,"installDate":1512164718130,"updateDate":1512164718130,"applyBackgroundUpdates":1,"bootstrap":true,"path":"C:\\Program Files (x86)\\Mozilla Firefox\\browser\\features\\onboarding@mozilla.org.xpi","skinnable":false,"size":550060,"sourceURI":null,"releaseNotesURI":null,"softDisabled":false,"foreignInstall":false,"hasBinaryComponents":false,"strictCompatibility":false,"locales":[],"targetApplications":[{"id":"{ec8030f7-c20a-464f-9b0e-13a3a9e97384}","minVersion":"57.0.1","maxVersion":"57.*"}],"targetPlatforms":[],"multiprocessCompatible":true,"seen":true,"dependencies":[],"hasEmbeddedWebExtension":false,"mpcOptedOut":false,"userPermissions":null,"icons":{},"iconURL":null,"icon64URL":null,"blocklistState":0,"blocklistURL":null}
1512468894796	DeferredSave.extensions.json	DEBUG	Save changes
1512468894797	addons.manager	DEBUG	Registering startup change 'installed' for screenshots@mozilla.org
1512468894797	addons.xpi	DEBUG	Loading bootstrap scope from C:\Program Files (x86)\Mozilla Firefox\browser\features\screenshots@mozilla.org.xpi
1512468894800	addons.xpi	DEBUG	Calling bootstrap method install on screenshots@mozilla.org version 19.2.0
1512468894800	addons.xpi-utils	DEBUG	Make addon app-system-defaults:screenshots@mozilla.org visible
1512468894800	addons.xpi	DEBUG	Updating XPIState for {"id":"screenshots@mozilla.org","syncGUID":"{3123fb50-0f4e-4588-baaa-9f8402708437}","location":"app-system-defaults","version":"19.2.0","type":"extension","internalName":null,"updateURL":null,"updateKey":null,"optionsURL":null,"optionsType":null,"aboutURL":null,"defaultLocale":{"name":"Firefox Screenshots","description":null,"creator":null,"homepageURL":"https://screenshots.firefox.com/"},"visible":true,"active":false,"userDisabled":false,"appDisabled":false,"installDate":1510882218101,"updateDate":1510882218101,"applyBackgroundUpdates":1,"bootstrap":true,"path":"C:\\Program Files (x86)\\Mozilla Firefox\\browser\\features\\screenshots@mozilla.org.xpi","skinnable":false,"size":884473,"sourceURI":null,"releaseNotesURI":null,"softDisabled":false,"foreignInstall":false,"hasBinaryComponents":false,"strictCompatibility":false,"locales":[],"targetApplications":[{"id":"{ec8030f7-c20a-464f-9b0e-13a3a9e97384}","minVersion":"57.0a1","maxVersion":"*"}],"targetPlatforms":[],"multiprocessCompatible":true,"seen":true,"dependencies":[],"hasEmbeddedWebExtension":false,"mpcOptedOut":false,"userPermissions":null,"icons":{},"iconURL":null,"icon64URL":null,"blocklistState":0,"blocklistURL":null}
1512468894800	DeferredSave.extensions.json	DEBUG	Save changes
1512468894800	addons.manager	DEBUG	Registering startup change 'installed' for shield-recipe-client@mozilla.org
1512468894801	addons.xpi	DEBUG	Loading bootstrap scope from C:\Program Files (x86)\Mozilla Firefox\browser\features\shield-recipe-client@mozilla.org.xpi
1512468894806	addons.xpi	DEBUG	Calling bootstrap method install on shield-recipe-client@mozilla.org version 76.1
1512468894806	addons.xpi-utils	DEBUG	Make addon app-system-defaults:shield-recipe-client@mozilla.org visible
1512468894807	addons.xpi	DEBUG	Updating XPIState for {"id":"shield-recipe-client@mozilla.org","syncGUID":"{02776d5c-967e-4e2e-880b-c64b926f42bf}","location":"app-system-defaults","version":"76.1","type":"extension","internalName":null,"updateURL":null,"updateKey":null,"optionsURL":null,"optionsType":null,"aboutURL":null,"defaultLocale":{"name":"Shield Recipe Client","description":"Client to download and run recipes for SHIELD, Heartbeat, etc.","creator":null,"homepageURL":null},"visible":true,"active":false,"userDisabled":false,"appDisabled":false,"installDate":1512164718120,"updateDate":1512164718120,"applyBackgroundUpdates":1,"bootstrap":true,"path":"C:\\Program Files (x86)\\Mozilla Firefox\\browser\\features\\shield-recipe-client@mozilla.org.xpi","skinnable":false,"size":364002,"sourceURI":null,"releaseNotesURI":null,"softDisabled":false,"foreignInstall":false,"hasBinaryComponents":false,"strictCompatibility":false,"locales":[],"targetApplications":[{"id":"{ec8030f7-c20a-464f-9b0e-13a3a9e97384}","minVersion":"57.0.1","maxVersion":"57.*"}],"targetPlatforms":[],"multiprocessCompatible":true,"seen":true,"dependencies":[],"hasEmbeddedWebExtension":false,"mpcOptedOut":false,"userPermissions":null,"icons":{},"iconURL":null,"icon64URL":null,"blocklistState":0,"blocklistURL":null}
1512468894807	DeferredSave.extensions.json	DEBUG	Save changes
1512468894807	addons.manager	DEBUG	Registering startup change 'installed' for webcompat@mozilla.org
1512468894808	addons.xpi	DEBUG	Loading bootstrap scope from C:\Program Files (x86)\Mozilla Firefox\browser\features\webcompat@mozilla.org.xpi
1512468894809	addons.xpi	DEBUG	Calling bootstrap method install on webcompat@mozilla.org version 1.1
1512468894809	addons.xpi-utils	DEBUG	Make addon app-system-defaults:webcompat@mozilla.org visible
1512468894810	addons.xpi	DEBUG	Updating XPIState for {"id":"webcompat@mozilla.org","syncGUID":"{6f7b7800-f5c7-4a9b-a02f-b40a915968d6}","location":"app-system-defaults","version":"1.1","type":"extension","internalName":null,"updateURL":null,"updateKey":null,"optionsURL":null,"optionsType":null,"aboutURL":null,"defaultLocale":{"name":"Web Compat","description":"Urgent post-release fixes for web compatibility.","creator":null,"homepageURL":null},"visible":true,"active":false,"userDisabled":false,"appDisabled":false,"installDate":1512164718112,"updateDate":1512164718112,"applyBackgroundUpdates":1,"bootstrap":true,"path":"C:\\Program Files (x86)\\Mozilla Firefox\\browser\\features\\webcompat@mozilla.org.xpi","skinnable":false,"size":9268,"sourceURI":null,"releaseNotesURI":null,"softDisabled":false,"foreignInstall":false,"hasBinaryComponents":false,"strictCompatibility":false,"locales":[],"targetApplications":[{"id":"{ec8030f7-c20a-464f-9b0e-13a3a9e97384}","minVersion":"57.0.1","maxVersion":"57.*"}],"targetPlatforms":[],"multiprocessCompatible":true,"seen":true,"dependencies":[],"hasEmbeddedWebExtension":false,"mpcOptedOut":false,"userPermissions":null,"icons":{},"iconURL":null,"icon64URL":null,"blocklistState":0,"blocklistURL":null}
1512468894810	DeferredSave.extensions.json	DEBUG	Save changes
1512468894810	addons.xpi-utils	DEBUG	Make addon app-global:{972ce4c6-7e08-4474-a285-3208198ce6fd} visible
1512468894811	addons.xpi	DEBUG	Updating XPIState for {"id":"{972ce4c6-7e08-4474-a285-3208198ce6fd}","syncGUID":"{54cad424-eef3-43a6-a5e0-a0fc3814a7e6}","location":"app-global","version":"57.0.1","type":"theme","internalName":"classic/1.0","updateURL":null,"updateKey":null,"optionsURL":null,"optionsType":null,"optionsBrowserStyle":null,"aboutURL":null,"defaultLocale":{"name":"Default","description":"The default theme.","creator":"Mozilla","homepageURL":null,"contributors":["Mozilla Contributors"]},"visible":true,"active":false,"userDisabled":false,"appDisabled":false,"installDate":1512164718181,"updateDate":1512164718181,"applyBackgroundUpdates":1,"path":"C:\\Program Files (x86)\\Mozilla Firefox\\browser\\extensions\\{972ce4c6-7e08-4474-a285-3208198ce6fd}.xpi","skinnable":true,"size":3354,"sourceURI":null,"releaseNotesURI":null,"softDisabled":false,"foreignInstall":false,"hasBinaryComponents":false,"strictCompatibility":true,"locales":[],"targetApplications":[{"id":"{ec8030f7-c20a-464f-9b0e-13a3a9e97384}","minVersion":"57.0.1","maxVersion":"57.0.1"}],"targetPlatforms":[],"seen":true,"dependencies":[],"hasEmbeddedWebExtension":false,"userPermissions":null,"icons":{},"iconURL":"chrome://browser/content/default-theme-icon.svg","icon64URL":null,"blocklistState":0,"blocklistURL":null}
1512468894811	DeferredSave.extensions.json	DEBUG	Save changes
1512468894812	addons.xpi	DEBUG	Updating XPIState for {"id":"activity-stream@mozilla.org","syncGUID":"{98569a15-b592-4ae1-a22b-b75d97ffec75}","location":"app-system-defaults","version":"2017.11.07.1100-7f4e3634","type":"extension","internalName":null,"updateURL":null,"updateKey":null,"optionsURL":null,"optionsType":null,"aboutURL":null,"defaultLocale":{"name":"Activity Stream","description":"A rich visual history feed and a reimagined home page make it easier than ever to find exactly what you're looking for in Firefox.","creator":null,"homepageURL":null},"visible":true,"active":true,"userDisabled":false,"appDisabled":false,"installDate":1512164718176,"updateDate":1512164718176,"applyBackgroundUpdates":1,"bootstrap":true,"path":"C:\\Program Files (x86)\\Mozilla Firefox\\browser\\features\\activity-stream@mozilla.org.xpi","skinnable":false,"size":1423182,"sourceURI":null,"releaseNotesURI":null,"softDisabled":false,"foreignInstall":false,"hasBinaryComponents":false,"strictCompatibility":false,"locales":[],"targetApplications":[{"id":"{ec8030f7-c20a-464f-9b0e-13a3a9e97384}","minVersion":"57.0.1","maxVersion":"57.*"}],"targetPlatforms":[],"multiprocessCompatible":true,"seen":true,"dependencies":[],"hasEmbeddedWebExtension":false,"mpcOptedOut":false,"userPermissions":null,"icons":{},"iconURL":null,"icon64URL":null,"blocklistState":0,"blocklistURL":null}
1512468894813	addons.xpi	DEBUG	Updating XPIState for {"id":"aushelper@mozilla.org","syncGUID":"{57f83005-9a38-4b72-8d45-691ba0011111}","location":"app-system-defaults","version":"2.0","type":"extension","internalName":null,"updateURL":null,"updateKey":null,"optionsURL":null,"optionsType":null,"aboutURL":null,"defaultLocale":{"name":"Application Update Service Helper","description":"Sets value(s) in the update url based on custom checks.","creator":null,"homepageURL":null},"visible":true,"active":true,"userDisabled":false,"appDisabled":false,"installDate":1512164718161,"updateDate":1512164718161,"applyBackgroundUpdates":1,"bootstrap":true,"path":"C:\\Program Files (x86)\\Mozilla Firefox\\browser\\features\\aushelper@mozilla.org.xpi","skinnable":false,"size":8488,"sourceURI":null,"releaseNotesURI":null,"softDisabled":false,"foreignInstall":false,"hasBinaryComponents":false,"strictCompatibility":false,"locales":[],"targetApplications":[{"id":"{ec8030f7-c20a-464f-9b0e-13a3a9e97384}","minVersion":"57.0.1","maxVersion":"57.*"}],"targetPlatforms":[],"multiprocessCompatible":true,"seen":true,"dependencies":[],"hasEmbeddedWebExtension":false,"mpcOptedOut":false,"userPermissions":null,"icons":{},"iconURL":null,"icon64URL":null,"blocklistState":0,"blocklistURL":null}
1512468894813	addons.xpi	DEBUG	Updating XPIState for {"id":"e10srollout@mozilla.org","syncGUID":"{57abb59c-2b12-47ef-917a-d69d550b8efa}","location":"app-system-defaults","version":"3.05","type":"extension","internalName":null,"updateURL":null,"updateKey":null,"optionsURL":null,"optionsType":null,"aboutURL":null,"defaultLocale":{"name":"Multi-process staged rollout","description":"Staged rollout of Firefox multi-process feature.","creator":null,"homepageURL":null},"visible":true,"active":true,"userDisabled":false,"appDisabled":false,"installDate":1512164718156,"updateDate":1512164718156,"applyBackgroundUpdates":1,"bootstrap":true,"path":"C:\\Program Files (x86)\\Mozilla Firefox\\browser\\features\\e10srollout@mozilla.org.xpi","skinnable":false,"size":13479,"sourceURI":null,"releaseNotesURI":null,"softDisabled":false,"foreignInstall":false,"hasBinaryComponents":false,"strictCompatibility":false,"locales":[],"targetApplications":[{"id":"{ec8030f7-c20a-464f-9b0e-13a3a9e97384}","minVersion":"57.0.1","maxVersion":"57.*"}],"targetPlatforms":[],"multiprocessCompatible":true,"seen":true,"dependencies":[],"hasEmbeddedWebExtension":false,"mpcOptedOut":false,"userPermissions":null,"icons":{},"iconURL":null,"icon64URL":null,"blocklistState":0,"blocklistURL":null}
1512468894813	addons.xpi	DEBUG	Updating XPIState for {"id":"firefox@getpocket.com","syncGUID":"{9ac69d64-4143-4de7-a262-dd6fd9e9320f}","location":"app-system-defaults","version":"1.0.5","type":"extension","internalName":null,"updateURL":null,"updateKey":null,"optionsURL":null,"optionsType":null,"aboutURL":null,"defaultLocale":{"name":"Pocket","description":"When you find something you want to view later, put it in Pocket.","creator":null,"homepageURL":null},"visible":true,"active":true,"userDisabled":false,"appDisabled":false,"installDate":1512164718149,"updateDate":1512164718149,"applyBackgroundUpdates":1,"bootstrap":true,"path":"C:\\Program Files (x86)\\Mozilla Firefox\\browser\\features\\firefox@getpocket.com.xpi","skinnable":false,"size":914878,"sourceURI":null,"releaseNotesURI":null,"softDisabled":false,"foreignInstall":false,"hasBinaryComponents":false,"strictCompatibility":false,"locales":[],"targetApplications":[{"id":"{ec8030f7-c20a-464f-9b0e-13a3a9e97384}","minVersion":"57.0.1","maxVersion":"57.*"}],"targetPlatforms":[],"multiprocessCompatible":true,"seen":true,"dependencies":[],"hasEmbeddedWebExtension":false,"mpcOptedOut":false,"userPermissions":null,"icons":{},"iconURL":null,"icon64URL":null,"blocklistState":0,"blocklistURL":null}
1512468894813	addons.xpi	DEBUG	Updating XPIState for {"id":"followonsearch@mozilla.com","syncGUID":"{691b55bc-e9f5-44eb-9c4c-54a9693a30d3}","location":"app-system-defaults","version":"0.9.6","type":"extension","internalName":null,"updateURL":null,"updateKey":null,"optionsURL":null,"optionsType":null,"aboutURL":null,"defaultLocale":{"name":"Follow-on Search Telemetry","description":null,"creator":null,"homepageURL":null},"visible":true,"active":true,"userDisabled":false,"appDisabled":false,"installDate":1510882218128,"updateDate":1510882218128,"applyBackgroundUpdates":1,"bootstrap":true,"path":"C:\\Program Files (x86)\\Mozilla Firefox\\browser\\features\\followonsearch@mozilla.com.xpi","skinnable":false,"size":18625,"sourceURI":null,"releaseNotesURI":null,"softDisabled":false,"foreignInstall":false,"hasBinaryComponents":false,"strictCompatibility":false,"locales":[],"targetApplications":[{"id":"{ec8030f7-c20a-464f-9b0e-13a3a9e97384}","minVersion":"52.0","maxVersion":"59.*"}],"targetPlatforms":[],"multiprocessCompatible":true,"seen":true,"dependencies":[],"hasEmbeddedWebExtension":false,"mpcOptedOut":false,"userPermissions":null,"icons":{},"iconURL":null,"icon64URL":null,"blocklistState":0,"blocklistURL":null}
1512468894814	addons.xpi	DEBUG	Updating XPIState for {"id":"formautofill@mozilla.org","syncGUID":"{58bb0a73-bd8d-4fcf-8878-1b85166a4d2a}","location":"app-system-defaults","version":"1.0","type":"extension","internalName":null,"updateURL":null,"updateKey":null,"optionsURL":null,"optionsType":null,"aboutURL":null,"defaultLocale":{"name":"Form Autofill","description":"Autofill forms with saved profiles","creator":null,"homepageURL":null},"visible":true,"active":true,"userDisabled":false,"appDisabled":false,"installDate":1512164718138,"updateDate":1512164718138,"applyBackgroundUpdates":1,"bootstrap":true,"path":"C:\\Program Files (x86)\\Mozilla Firefox\\browser\\features\\formautofill@mozilla.org.xpi","skinnable":false,"size":380181,"sourceURI":null,"releaseNotesURI":null,"softDisabled":false,"foreignInstall":false,"hasBinaryComponents":false,"strictCompatibility":false,"locales":[],"targetApplications":[{"id":"{ec8030f7-c20a-464f-9b0e-13a3a9e97384}","minVersion":"57.0.1","maxVersion":"57.*"}],"targetPlatforms":[],"multiprocessCompatible":true,"seen":true,"dependencies":[],"hasEmbeddedWebExtension":false,"mpcOptedOut":false,"userPermissions":null,"icons":{},"iconURL":null,"icon64URL":null,"blocklistState":0,"blocklistURL":null}
1512468894814	addons.xpi	DEBUG	Updating XPIState for {"id":"onboarding@mozilla.org","syncGUID":"{2e45dbae-9bbf-45fd-9ef7-0bcfc1806a42}","location":"app-system-defaults","version":"1.0","type":"extension","internalName":null,"updateURL":null,"updateKey":null,"optionsURL":null,"optionsType":null,"aboutURL":null,"defaultLocale":{"name":"Photon onboarding","description":"Photon onboarding","creator":null,"homepageURL":null},"visible":true,"active":true,"userDisabled":false,"appDisabled":false,"installDate":1512164718130,"updateDate":1512164718130,"applyBackgroundUpdates":1,"bootstrap":true,"path":"C:\\Program Files (x86)\\Mozilla Firefox\\browser\\features\\onboarding@mozilla.org.xpi","skinnable":false,"size":550060,"sourceURI":null,"releaseNotesURI":null,"softDisabled":false,"foreignInstall":false,"hasBinaryComponents":false,"strictCompatibility":false,"locales":[],"targetApplications":[{"id":"{ec8030f7-c20a-464f-9b0e-13a3a9e97384}","minVersion":"57.0.1","maxVersion":"57.*"}],"targetPlatforms":[],"multiprocessCompatible":true,"seen":true,"dependencies":[],"hasEmbeddedWebExtension":false,"mpcOptedOut":false,"userPermissions":null,"icons":{},"iconURL":null,"icon64URL":null,"blocklistState":0,"blocklistURL":null}
1512468894814	addons.xpi	DEBUG	Updating XPIState for {"id":"screenshots@mozilla.org","syncGUID":"{3123fb50-0f4e-4588-baaa-9f8402708437}","location":"app-system-defaults","version":"19.2.0","type":"extension","internalName":null,"updateURL":null,"updateKey":null,"optionsURL":null,"optionsType":null,"aboutURL":null,"defaultLocale":{"name":"Firefox Screenshots","description":null,"creator":null,"homepageURL":"https://screenshots.firefox.com/"},"visible":true,"active":true,"userDisabled":false,"appDisabled":false,"installDate":1510882218101,"updateDate":1510882218101,"applyBackgroundUpdates":1,"bootstrap":true,"path":"C:\\Program Files (x86)\\Mozilla Firefox\\browser\\features\\screenshots@mozilla.org.xpi","skinnable":false,"size":884473,"sourceURI":null,"releaseNotesURI":null,"softDisabled":false,"foreignInstall":false,"hasBinaryComponents":false,"strictCompatibility":false,"locales":[],"targetApplications":[{"id":"{ec8030f7-c20a-464f-9b0e-13a3a9e97384}","minVersion":"57.0a1","maxVersion":"*"}],"targetPlatforms":[],"multiprocessCompatible":true,"seen":true,"dependencies":[],"hasEmbeddedWebExtension":false,"mpcOptedOut":false,"userPermissions":null,"icons":{},"iconURL":null,"icon64URL":null,"blocklistState":0,"blocklistURL":null}
1512468894815	addons.xpi	DEBUG	Updating XPIState for {"id":"shield-recipe-client@mozilla.org","syncGUID":"{02776d5c-967e-4e2e-880b-c64b926f42bf}","location":"app-system-defaults","version":"76.1","type":"extension","internalName":null,"updateURL":null,"updateKey":null,"optionsURL":null,"optionsType":null,"aboutURL":null,"defaultLocale":{"name":"Shield Recipe Client","description":"Client to download and run recipes for SHIELD, Heartbeat, etc.","creator":null,"homepageURL":null},"visible":true,"active":true,"userDisabled":false,"appDisabled":false,"installDate":1512164718120,"updateDate":1512164718120,"applyBackgroundUpdates":1,"bootstrap":true,"path":"C:\\Program Files (x86)\\Mozilla Firefox\\browser\\features\\shield-recipe-client@mozilla.org.xpi","skinnable":false,"size":364002,"sourceURI":null,"releaseNotesURI":null,"softDisabled":false,"foreignInstall":false,"hasBinaryComponents":false,"strictCompatibility":false,"locales":[],"targetApplications":[{"id":"{ec8030f7-c20a-464f-9b0e-13a3a9e97384}","minVersion":"57.0.1","maxVersion":"57.*"}],"targetPlatforms":[],"multiprocessCompatible":true,"seen":true,"dependencies":[],"hasEmbeddedWebExtension":false,"mpcOptedOut":false,"userPermissions":null,"icons":{},"iconURL":null,"icon64URL":null,"blocklistState":0,"blocklistURL":null}
1512468894815	addons.xpi	DEBUG	Updating XPIState for {"id":"webcompat@mozilla.org","syncGUID":"{6f7b7800-f5c7-4a9b-a02f-b40a915968d6}","location":"app-system-defaults","version":"1.1","type":"extension","internalName":null,"updateURL":null,"updateKey":null,"optionsURL":null,"optionsType":null,"aboutURL":null,"defaultLocale":{"name":"Web Compat","description":"Urgent post-release fixes for web compatibility.","creator":null,"homepageURL":null},"visible":true,"active":true,"userDisabled":false,"appDisabled":false,"installDate":1512164718112,"updateDate":1512164718112,"applyBackgroundUpdates":1,"bootstrap":true,"path":"C:\\Program Files (x86)\\Mozilla Firefox\\browser\\features\\webcompat@mozilla.org.xpi","skinnable":false,"size":9268,"sourceURI":null,"releaseNotesURI":null,"softDisabled":false,"foreignInstall":false,"hasBinaryComponents":false,"strictCompatibility":false,"locales":[],"targetApplications":[{"id":"{ec8030f7-c20a-464f-9b0e-13a3a9e97384}","minVersion":"57.0.1","maxVersion":"57.*"}],"targetPlatforms":[],"multiprocessCompatible":true,"seen":true,"dependencies":[],"hasEmbeddedWebExtension":false,"mpcOptedOut":false,"userPermissions":null,"icons":{},"iconURL":null,"icon64URL":null,"blocklistState":0,"blocklistURL":null}
1512468894815	addons.xpi	DEBUG	Updating XPIState for {"id":"{972ce4c6-7e08-4474-a285-3208198ce6fd}","syncGUID":"{54cad424-eef3-43a6-a5e0-a0fc3814a7e6}","location":"app-global","version":"57.0.1","type":"theme","internalName":"classic/1.0","updateURL":null,"updateKey":null,"optionsURL":null,"optionsType":null,"optionsBrowserStyle":null,"aboutURL":null,"defaultLocale":{"name":"Default","description":"The default theme.","creator":"Mozilla","homepageURL":null,"contributors":["Mozilla Contributors"]},"visible":true,"active":true,"userDisabled":false,"appDisabled":false,"installDate":1512164718181,"updateDate":1512164718181,"applyBackgroundUpdates":1,"path":"C:\\Program Files (x86)\\Mozilla Firefox\\browser\\extensions\\{972ce4c6-7e08-4474-a285-3208198ce6fd}.xpi","skinnable":true,"size":3354,"sourceURI":null,"releaseNotesURI":null,"softDisabled":false,"foreignInstall":false,"hasBinaryComponents":false,"strictCompatibility":true,"locales":[],"targetApplications":[{"id":"{ec8030f7-c20a-464f-9b0e-13a3a9e97384}","minVersion":"57.0.1","maxVersion":"57.0.1"}],"targetPlatforms":[],"seen":true,"dependencies":[],"hasEmbeddedWebExtension":false,"userPermissions":null,"icons":{},"iconURL":"chrome://browser/content/default-theme-icon.svg","icon64URL":null,"blocklistState":0,"blocklistURL":null}
1512468894816	DeferredSave.extensions.json	DEBUG	Save changes
1512468894816	addons.xpi	DEBUG	Updating database with changes to installed add-ons
1512468894816	addons.xpi-utils	DEBUG	Updating add-on states
1512468894823	addons.xpi	DEBUG	Registering manifest for C:\Program Files (x86)\Mozilla Firefox\browser\features\activity-stream@mozilla.org.xpi
1512468894824	addons.xpi	DEBUG	Calling bootstrap method startup on activity-stream@mozilla.org version 2017.11.07.1100-7f4e3634
1512468894825	addons.xpi	DEBUG	Registering manifest for C:\Program Files (x86)\Mozilla Firefox\browser\features\aushelper@mozilla.org.xpi
1512468894825	addons.xpi	DEBUG	Calling bootstrap method startup on aushelper@mozilla.org version 2.0
1512468894827	addons.xpi	DEBUG	Registering manifest for C:\Program Files (x86)\Mozilla Firefox\browser\features\e10srollout@mozilla.org.xpi
1512468894827	addons.xpi	DEBUG	Calling bootstrap method startup on e10srollout@mozilla.org version 3.05
1512468894828	addons.xpi	DEBUG	Registering manifest for C:\Program Files (x86)\Mozilla Firefox\browser\features\firefox@getpocket.com.xpi
1512468894828	addons.xpi	DEBUG	Calling bootstrap method startup on firefox@getpocket.com version 1.0.5
1512468894838	addons.xpi	DEBUG	Registering manifest for C:\Program Files (x86)\Mozilla Firefox\browser\features\followonsearch@mozilla.com.xpi
1512468894839	addons.xpi	DEBUG	Calling bootstrap method startup on followonsearch@mozilla.com version 0.9.6
1512468894840	addons.xpi	DEBUG	Registering manifest for C:\Program Files (x86)\Mozilla Firefox\browser\features\formautofill@mozilla.org.xpi
1512468894840	addons.xpi	DEBUG	Calling bootstrap method startup on formautofill@mozilla.org version 1.0
1512468894841	addons.xpi	DEBUG	Registering manifest for C:\Program Files (x86)\Mozilla Firefox\browser\features\onboarding@mozilla.org.xpi
1512468894841	addons.xpi	DEBUG	Calling bootstrap method startup on onboarding@mozilla.org version 1.0
1512468894842	addons.xpi	DEBUG	Registering manifest for C:\Program Files (x86)\Mozilla Firefox\browser\features\screenshots@mozilla.org.xpi
1512468894843	addons.xpi	DEBUG	Calling bootstrap method startup on screenshots@mozilla.org version 19.2.0
1512468894843	addons.xpi	DEBUG	Registering manifest for C:\Program Files (x86)\Mozilla Firefox\browser\features\shield-recipe-client@mozilla.org.xpi
1512468894844	addons.xpi	DEBUG	Calling bootstrap method startup on shield-recipe-client@mozilla.org version 76.1
1512468894851	addons.xpi	DEBUG	Registering manifest for C:\Program Files (x86)\Mozilla Firefox\browser\features\webcompat@mozilla.org.xpi
1512468894852	addons.xpi	DEBUG	Calling bootstrap method startup on webcompat@mozilla.org version 1.1
1512468894854	addons.manager	DEBUG	Registering shutdown blocker for XPIProvider
1512468894854	addons.manager	DEBUG	Provider finished startup: XPIProvider
1512468894854	addons.manager	DEBUG	Starting provider: LightweightThemeManager
1512468894854	addons.manager	DEBUG	Registering shutdown blocker for LightweightThemeManager
1512468894854	addons.manager	DEBUG	Provider finished startup: LightweightThemeManager
1512468894855	addons.manager	DEBUG	Starting provider: GMPProvider
1512468894864	addons.manager	DEBUG	Registering shutdown blocker for GMPProvider
1512468894864	addons.manager	DEBUG	Provider finished startup: GMPProvider
1512468894864	addons.manager	DEBUG	Starting provider: PluginProvider
1512468894864	addons.manager	DEBUG	Registering shutdown blocker for PluginProvider
1512468894865	addons.manager	DEBUG	Provider finished startup: PluginProvider
1512468894865	addons.manager	DEBUG	Completed startup sequence
1512468895076	Marionette	INFO	Enabled via --marionette
1512468895223	addons.manager	DEBUG	Starting provider: PreviousExperimentProvider
1512468895223	addons.manager	DEBUG	Registering shutdown blocker for PreviousExperimentProvider
1512468895223	addons.manager	DEBUG	Provider finished startup: PreviousExperimentProvider
1512468896214	DeferredSave.webext.sc.lz4	DEBUG	Save changes
1512468896214	DeferredSave.webext.sc.lz4	DEBUG	Starting timer
1512468896278	DeferredSave.webext.sc.lz4	DEBUG	Save changes
1512468896304	DeferredSave.webext.sc.lz4	DEBUG	Save changes
1512468896305	DeferredSave.webext.sc.lz4	DEBUG	Save changes
1512468896306	DeferredSave.webext.sc.lz4	DEBUG	Save changes
1512468896307	DeferredSave.webext.sc.lz4	DEBUG	Save changes
1512468896309	DeferredSave.webext.sc.lz4	DEBUG	Save changes
1512468896310	DeferredSave.webext.sc.lz4	DEBUG	Save changes
1512468896312	DeferredSave.webext.sc.lz4	DEBUG	Save changes
1512468896313	DeferredSave.webext.sc.lz4	DEBUG	Save changes
1512468896314	DeferredSave.webext.sc.lz4	DEBUG	Save changes
1512468896314	DeferredSave.webext.sc.lz4	DEBUG	Save changes
1512468896316	DeferredSave.webext.sc.lz4	DEBUG	Save changes
1512468896316	DeferredSave.webext.sc.lz4	DEBUG	Save changes
1512468896318	DeferredSave.webext.sc.lz4	DEBUG	Save changes
1512468896319	DeferredSave.webext.sc.lz4	DEBUG	Save changes
1512468896320	DeferredSave.webext.sc.lz4	DEBUG	Save changes
1512468896320	DeferredSave.webext.sc.lz4	DEBUG	Save changes
1512468896323	DeferredSave.webext.sc.lz4	DEBUG	Save changes
1512468896324	DeferredSave.webext.sc.lz4	DEBUG	Save changes
1512468896325	DeferredSave.webext.sc.lz4	DEBUG	Save changes
1512468896325	DeferredSave.webext.sc.lz4	DEBUG	Save changes
1512468896326	DeferredSave.webext.sc.lz4	DEBUG	Save changes
1512468896327	DeferredSave.webext.sc.lz4	DEBUG	Save changes
1512468896331	DeferredSave.webext.sc.lz4	DEBUG	Save changes
1512468896332	DeferredSave.webext.sc.lz4	DEBUG	Save changes
1512468896333	DeferredSave.webext.sc.lz4	DEBUG	Save changes
1512468896333	DeferredSave.webext.sc.lz4	DEBUG	Save changes
1512468896334	DeferredSave.webext.sc.lz4	DEBUG	Save changes
1512468896334	DeferredSave.webext.sc.lz4	DEBUG	Save changes
1512468896335	DeferredSave.webext.sc.lz4	DEBUG	Save changes
1512468896335	DeferredSave.webext.sc.lz4	DEBUG	Save changes
1512468896336	DeferredSave.webext.sc.lz4	DEBUG	Save changes
1512468896338	DeferredSave.webext.sc.lz4	DEBUG	Save changes
1512468896339	DeferredSave.webext.sc.lz4	DEBUG	Save changes
1512468896340	DeferredSave.webext.sc.lz4	DEBUG	Save changes
1512468896340	DeferredSave.webext.sc.lz4	DEBUG	Save changes
1512468896341	DeferredSave.webext.sc.lz4	DEBUG	Save changes
1512468896342	DeferredSave.webext.sc.lz4	DEBUG	Save changes
1512468896343	DeferredSave.webext.sc.lz4	DEBUG	Save changes
1512468896343	DeferredSave.webext.sc.lz4	DEBUG	Save changes
1512468896344	DeferredSave.webext.sc.lz4	DEBUG	Save changes
1512468896344	DeferredSave.webext.sc.lz4	DEBUG	Save changes
1512468896346	DeferredSave.webext.sc.lz4	DEBUG	Save changes
1512468896347	DeferredSave.webext.sc.lz4	DEBUG	Save changes
1512468896349	DeferredSave.webext.sc.lz4	DEBUG	Save changes
1512468896351	DeferredSave.webext.sc.lz4	DEBUG	Save changes
1512468896351	DeferredSave.webext.sc.lz4	DEBUG	Save changes
1512468896354	DeferredSave.webext.sc.lz4	DEBUG	Save changes
1512468896357	DeferredSave.webext.sc.lz4	DEBUG	Save changes
1512468896358	DeferredSave.webext.sc.lz4	DEBUG	Save changes
1512468896361	DeferredSave.webext.sc.lz4	DEBUG	Save changes
1512468896371	DeferredSave.webext.sc.lz4	DEBUG	Save changes
1512468896373	DeferredSave.webext.sc.lz4	DEBUG	Save changes
1512468896415	DeferredSave.extensions.json	DEBUG	Starting write
1512468896424	DeferredSave.webext.sc.lz4	DEBUG	Save changes
1512468896425	DeferredSave.webext.sc.lz4	DEBUG	Save changes
1512468896459	DeferredSave.extensions.json	DEBUG	Write succeeded
1512468896459	addons.xpi-utils	DEBUG	XPI Database saved, setting schema version preference to 23
1512468896629	addons.xpi	INFO	Mapping activity-stream@mozilla.org to C:\Program Files (x86)\Mozilla Firefox\browser\features\activity-stream@mozilla.org.xpi
1512468896630	addons.xpi	INFO	Mapping aushelper@mozilla.org to C:\Program Files (x86)\Mozilla Firefox\browser\features\aushelper@mozilla.org.xpi
1512468896630	addons.xpi	INFO	Mapping e10srollout@mozilla.org to C:\Program Files (x86)\Mozilla Firefox\browser\features\e10srollout@mozilla.org.xpi
1512468896630	addons.xpi	INFO	Mapping firefox@getpocket.com to C:\Program Files (x86)\Mozilla Firefox\browser\features\firefox@getpocket.com.xpi
1512468896630	addons.xpi	INFO	Mapping followonsearch@mozilla.com to C:\Program Files (x86)\Mozilla Firefox\browser\features\followonsearch@mozilla.com.xpi
1512468896630	addons.xpi	INFO	Mapping formautofill@mozilla.org to C:\Program Files (x86)\Mozilla Firefox\browser\features\formautofill@mozilla.org.xpi
1512468896630	addons.xpi	INFO	Mapping onboarding@mozilla.org to C:\Program Files (x86)\Mozilla Firefox\browser\features\onboarding@mozilla.org.xpi
1512468896630	addons.xpi	INFO	Mapping screenshots@mozilla.org to C:\Program Files (x86)\Mozilla Firefox\browser\features\screenshots@mozilla.org.xpi
1512468896630	addons.xpi	INFO	Mapping shield-recipe-client@mozilla.org to C:\Program Files (x86)\Mozilla Firefox\browser\features\shield-recipe-client@mozilla.org.xpi
1512468896631	addons.xpi	INFO	Mapping webcompat@mozilla.org to C:\Program Files (x86)\Mozilla Firefox\browser\features\webcompat@mozilla.org.xpi
1512468896631	addons.xpi	DEBUG	Existing add-on activity-stream@mozilla.org in app-system-defaults
1512468896631	addons.xpi	DEBUG	Existing add-on aushelper@mozilla.org in app-system-defaults
1512468896632	addons.xpi	DEBUG	Existing add-on e10srollout@mozilla.org in app-system-defaults
1512468896632	addons.xpi	DEBUG	Existing add-on firefox@getpocket.com in app-system-defaults
1512468896632	addons.xpi	DEBUG	Existing add-on followonsearch@mozilla.com in app-system-defaults
1512468896633	addons.xpi	DEBUG	Existing add-on formautofill@mozilla.org in app-system-defaults
1512468896633	addons.xpi	DEBUG	Existing add-on onboarding@mozilla.org in app-system-defaults
1512468896633	addons.xpi	DEBUG	Existing add-on screenshots@mozilla.org in app-system-defaults
1512468896634	addons.xpi	DEBUG	Existing add-on shield-recipe-client@mozilla.org in app-system-defaults
1512468896634	addons.xpi	DEBUG	Existing add-on webcompat@mozilla.org in app-system-defaults
1512468896635	addons.xpi	INFO	Mapping {972ce4c6-7e08-4474-a285-3208198ce6fd} to C:\Program Files (x86)\Mozilla Firefox\browser\extensions\{972ce4c6-7e08-4474-a285-3208198ce6fd}.xpi
1512468896635	addons.xpi	DEBUG	Existing add-on {972ce4c6-7e08-4474-a285-3208198ce6fd} in app-global
1512468896635	addons.xpi	DEBUG	getInstallState changed: false, state: {}
1512468896908	Marionette	INFO	Listening on port 57611
1512468897354	Marionette	WARN	TLS certificate errors will be ignored for this session
1512468897438	Marionette	DEBUG	Register listener.js for window 4294967297
1512468897465	Marionette	DEBUG	Received DOM event "beforeunload" for "about:blank"
1512468897532	Marionette	DEBUG	Received DOM event "pagehide" for "about:blank"
1512468897532	Marionette	DEBUG	Received DOM event "unload" for "about:blank"
1512468897746	Marionette	DEBUG	Received DOM event "DOMContentLoaded" for "http://www.ip138.com/"
1512468897845	Marionette	DEBUG	Received DOM event "pageshow" for "http://www.ip138.com/"
1512468901220	DeferredSave.webext.sc.lz4	DEBUG	Starting write
1512468901235	DeferredSave.webext.sc.lz4	DEBUG	Write succeeded
1512469078553	addons.productaddons	INFO	sending request to: https://aus5.mozilla.org/update/3/GMP/57.0.1/20171128222554/WINNT_x86_64-msvc-x64/zh-CN/release-cck-mozillaonline/Windows_NT%2010.0.0.0%20(x64)/MozillaOnline/2017.3/update.xml
1512469079787	addons.productaddons	INFO	Completed downloading document
1512469081951	addons.productaddons	INFO	downloadXHR File download. status=200
1512469081966	addons.productaddons	INFO	Downloaded file will be saved to C:\Users\my\AppData\Local\Temp\tmpaddon-8fc32e
1512469087046	addons.productaddons	INFO	downloadXHR File download. status=404
1512469186731	addons.xpi	DEBUG	Calling bootstrap method shutdown on webcompat@mozilla.org version 1.1
1512469186732	addons.xpi	DEBUG	Calling bootstrap method shutdown on shield-recipe-client@mozilla.org version 76.1
1512469186733	addons.xpi	DEBUG	Calling bootstrap method shutdown on screenshots@mozilla.org version 19.2.0
1512469186740	addons.xpi	DEBUG	Calling bootstrap method shutdown on onboarding@mozilla.org version 1.0
1512469186741	addons.xpi	DEBUG	Calling bootstrap method shutdown on formautofill@mozilla.org version 1.0
1512469186741	addons.xpi	DEBUG	Calling bootstrap method shutdown on followonsearch@mozilla.com version 0.9.6
1512469186742	addons.xpi	DEBUG	Calling bootstrap method shutdown on firefox@getpocket.com version 1.0.5
1512469186742	addons.xpi	DEBUG	Calling bootstrap method shutdown on e10srollout@mozilla.org version 3.05
1512469186743	addons.xpi	DEBUG	Calling bootstrap method shutdown on aushelper@mozilla.org version 2.0
1512469186743	addons.xpi	DEBUG	Calling bootstrap method shutdown on activity-stream@mozilla.org version 2017.11.07.1100-7f4e3634
Unable to read VR Path Registry from C:\Users\my\AppData\Local\openvr\openvrpaths.vrpath
JavaScript error: resource://devtools/shared/base-loader.js -> resource://devtools/client/netmonitor/src/connector/firefox-connector.js, line 74: TypeError: this.tabTarget is null
1512469186811	addons.manager	DEBUG	shutdown
1512469186812	addons.manager	DEBUG	Calling shutdown blocker for XPIProvider
1512469186812	addons.xpi	DEBUG	shutdown
1512469186812	addons.xpi-utils	DEBUG	shutdown
1512469186812	addons.manager	DEBUG	Calling shutdown blocker for LightweightThemeManager
1512469186812	addons.manager	DEBUG	Calling shutdown blocker for GMPProvider
1512469186813	addons.manager	DEBUG	Calling shutdown blocker for PluginProvider
1512469186813	addons.manager	DEBUG	Calling shutdown blocker for PreviousExperimentProvider
1512469186818	addons.manager	DEBUG	Async provider shutdown done

###!!! [Child][MessageChannel::SendAndWait] Error: Channel error: cannot send/recv

